<?xml version="1.0" encoding="UTF-8"?>
<!-- Generated by org.testng.reporters.JUnitReportReporter -->
<testsuite skipped="0" hostname="LongNTT" name="seleniumTests.E2E_Test" tests="1" failures="0" timestamp="21 Mar 2019 04:44:12 GMT" time="11.304" errors="0">
  <testcase name="test" time="11.304" classname="seleniumTests.E2E_Test"/>
</testsuite> <!-- seleniumTests.E2E_Test -->
