<?xml version="1.0" encoding="UTF-8"?>
<!-- Generated by org.testng.reporters.JUnitReportReporter -->
<testsuite skipped="0" hostname="LongNTT" name="E2E_Test" tests="1" failures="0" timestamp="21 Mar 2019 04:08:26 GMT" time="11.418" errors="0">
  <testcase name="test" time="11.418" classname="E2E_Test"/>
</testsuite> <!-- E2E_Test -->
